18.529
373637, 14.811, 14.759, 19.611, 18.508
375050, 14.829, 14.772, 19.618, 18.505
376370, 14.799, 14.765, 19.623, Initializing
Do you want to recalibrate the scale? 0 for no, 1 for S1, 2 for S2, 3 for S3, 4 for S4
PRESS ANY NUMBER & ENTER TO START DATA COLLECTION
---------------------------------
Live readings:
Time (ms), Sensor 1 Force (N), Sensor 2 Force (N), Sensor 3 Force (N), Sensor 4 Force (N)
0, 19.855, 20.057, 20.632, 20.003
1346, 19.849, 20.393, 20.595, 19.909
2759, 19.840, 20.297, 20.665, 20.016
4078, 19.856, 20.060, 20.674, 20.005
5397, 19.864, 19.754, 20.691, 20.033
6811, 19.853, 19.720, 20.697, 20.003
8130, 19.869, 19.858, 20.682, 20.006
9543, 19.850, 19.702, 20.683, 20.021
10862, 19.849, 20.085, 20.815, 20.060
12276, 19.848, 22.074, 20.697, 19.754
13595, 19.879, 